<?xml version="1.0" encoding="UTF-8" ?>
<testsuite failures="0" time="4.863" errors="0" skipped="0" tests="13" name="org.sql2o.Sql2oTest">
  <properties>
[...]
</properties>
  <testcase time="0.006" classname="org.sql2o.Sql2oTest" name="testExecuteUpdate"/>
  <testcase time="3.473" classname="org.sql2o.Sql2oTest" name="testExecuteAndFetch"/>
  <testcase time="0.006" classname="org.sql2o.Sql2oTest" name="testExecuteAndFetchWithNulls"/>
  <testcase time="0.004" classname="org.sql2o.Sql2oTest" name="testBatch"/>
  <testcase time="1.026" classname="org.sql2o.Sql2oTest" name="testExecuteScalar"/>
  <testcase time="0.004" classname="org.sql2o.Sql2oTest" name="testBatchNoTransaction"/>
  <testcase time="0.012" classname="org.sql2o.Sql2oTest" name="testCaseInsensitive"/>
  <testcase time="0.003" classname="org.sql2o.Sql2oTest" name="testExecuteAndFetchResultSet"/>
  <testcase time="0.209" classname="org.sql2o.Sql2oTest" name="testJodaTime"/>
  <testcase time="0.034" classname="org.sql2o.Sql2oTest" name="testUtilDate"/>
  <testcase time="0.018" classname="org.sql2o.Sql2oTest" name="testComplexTypes"/>
  <testcase time="0.004" classname="org.sql2o.Sql2oTest" name="testConversion"/>
  <testcase time="0.002" classname="org.sql2o.Sql2oTest" name="testUpdateNoTransaction"/>
</testsuite>